✅ Archivo FAC copiado y renombrado correctamente dentro de FEIN58191 
✅ Archivo FAC copiado y renombrado correctamente dentro de FEIN58186 
✅ Archivo FAC copiado y renombrado correctamente dentro de FEIN58190 
✅ Archivo FAC copiado y renombrado correctamente dentro de FEIN58177 
✅ Archivo CRC copiado y renombrado correctamente dentro de FEIN58186 
✅ Archivo FAC copiado y renombrado correctamente dentro de FEIN58192 
✅ Archivo CRC copiado y renombrado correctamente dentro de FEIN58177 
✅ Archivo CRC copiado y renombrado correctamente dentro de FEIN58190 
✅ Archivo CRC copiado y renombrado correctamente dentro de FEIN58191 
✅ Archivo HEV copiado y renombrado correctamente dentro de FEIN58177 
✅ Archivo HEV copiado y renombrado correctamente dentro de FEIN58186 
✅ Archivo OPF copiado y renombrado correctamente dentro de FEIN58177 
✅ Archivo CRC copiado y renombrado correctamente dentro de FEIN58192 
✅ Archivo HEV copiado y renombrado correctamente dentro de FEIN58190 
✅ Archivo HEV copiado y renombrado correctamente dentro de FEIN58192 
✅ Archivo OPF copiado y renombrado correctamente dentro de FEIN58190 
✅ Archivo OPF copiado y renombrado correctamente dentro de FEIN58186 
✅ Archivo HEV copiado y renombrado correctamente dentro de FEIN58191 
✅ Archivo OPF copiado y renombrado correctamente dentro de FEIN58191 
✅ Archivo PDE copiado y renombrado correctamente dentro de FEIN58177 
✅ Archivo PDE copiado y renombrado correctamente dentro de FEIN58191 
✅ Archivo OPF copiado y renombrado correctamente dentro de FEIN58192 
✅ Archivo PDE copiado y renombrado correctamente dentro de FEIN58186 
✅ Archivo PDE copiado y renombrado correctamente dentro de FEIN58192 
✅ Archivo PDE copiado y renombrado correctamente dentro de FEIN58190 
✅ Archivo FAC copiado y renombrado correctamente dentro de FEIN58190 
✅ Archivo FAC copiado y renombrado correctamente dentro de FEIN58186 
✅ Archivo FAC copiado y renombrado correctamente dentro de FEIN58191 
✅ Archivo FAC copiado y renombrado correctamente dentro de FEIN58177 
✅ Archivo CRC copiado y renombrado correctamente dentro de FEIN58191 
✅ Archivo CRC copiado y renombrado correctamente dentro de FEIN58177 
✅ Archivo CRC copiado y renombrado correctamente dentro de FEIN58186 
✅ Archivo FAC copiado y renombrado correctamente dentro de FEIN58192 
✅ Archivo HEV copiado y renombrado correctamente dentro de FEIN58186 
✅ Archivo HEV copiado y renombrado correctamente dentro de FEIN58177 
✅ Archivo CRC copiado y renombrado correctamente dentro de FEIN58192 
✅ Archivo CRC copiado y renombrado correctamente dentro de FEIN58190 
✅ Archivo HEV copiado y renombrado correctamente dentro de FEIN58191 
✅ Archivo HEV copiado y renombrado correctamente dentro de FEIN58190 
✅ Archivo HEV copiado y renombrado correctamente dentro de FEIN58192 
✅ Archivo OPF copiado y renombrado correctamente dentro de FEIN58186 
✅ Archivo OPF copiado y renombrado correctamente dentro de FEIN58190 
✅ Archivo OPF copiado y renombrado correctamente dentro de FEIN58177 
✅ Archivo OPF copiado y renombrado correctamente dentro de FEIN58192 
✅ Archivo PDE copiado y renombrado correctamente dentro de FEIN58190 
✅ Archivo OPF copiado y renombrado correctamente dentro de FEIN58191 
✅ Archivo PDE copiado y renombrado correctamente dentro de FEIN58186 
✅ Archivo PDE copiado y renombrado correctamente dentro de FEIN58177 
✅ Archivo PDE copiado y renombrado correctamente dentro de FEIN58192 
✅ Archivo PDE copiado y renombrado correctamente dentro de FEIN58191 
✅ Archivo FAC copiado y renombrado correctamente dentro de FEIN58190 
✅ Archivo FAC copiado y renombrado correctamente dentro de FEIN58191 
✅ Archivo FAC copiado y renombrado correctamente dentro de FEIN58186 
✅ Archivo FAC copiado y renombrado correctamente dentro de FEIN58177 
✅ Archivo FAC copiado y renombrado correctamente dentro de FEIN58192 
✅ Archivo CRC copiado y renombrado correctamente dentro de FEIN58177 
✅ Archivo CRC copiado y renombrado correctamente dentro de FEIN58186 
✅ Archivo CRC copiado y renombrado correctamente dentro de FEIN58190 
✅ Archivo CRC copiado y renombrado correctamente dentro de FEIN58191 
✅ Archivo CRC copiado y renombrado correctamente dentro de FEIN58192 
✅ Archivo HEV copiado y renombrado correctamente dentro de FEIN58177 
✅ Archivo HEV copiado y renombrado correctamente dentro de FEIN58190 
✅ Archivo HEV copiado y renombrado correctamente dentro de FEIN58186 
✅ Archivo OPF copiado y renombrado correctamente dentro de FEIN58177 
✅ Archivo HEV copiado y renombrado correctamente dentro de FEIN58191 
✅ Archivo OPF copiado y renombrado correctamente dentro de FEIN58186 
✅ Archivo PDE copiado y renombrado correctamente dentro de FEIN58177 
✅ Archivo OPF copiado y renombrado correctamente dentro de FEIN58190 
✅ Archivo OPF copiado y renombrado correctamente dentro de FEIN58191 
✅ Archivo PDE copiado y renombrado correctamente dentro de FEIN58190 
✅ Archivo PDE copiado y renombrado correctamente dentro de FEIN58186 
✅ Archivo PDE copiado y renombrado correctamente dentro de FEIN58191 
✅ Archivo HEV copiado y renombrado correctamente dentro de FEIN58192 
✅ Archivo PDE copiado y renombrado correctamente dentro de FEIN58192 
✅ Archivo OPF copiado y renombrado correctamente dentro de FEIN58192 
✅ Archivo FAC copiado y renombrado correctamente dentro de FEIN58186 
✅ Archivo FAC copiado y renombrado correctamente dentro de FEIN58177 
✅ Archivo FAC copiado y renombrado correctamente dentro de FEIN58191 
✅ Archivo FAC copiado y renombrado correctamente dentro de FEIN58190 
✅ Archivo FAC copiado y renombrado correctamente dentro de FEIN58192 
✅ Archivo CRC copiado y renombrado correctamente dentro de FEIN58190 
✅ Archivo CRC copiado y renombrado correctamente dentro de FEIN58186 
✅ Archivo HEV copiado y renombrado correctamente dentro de FEIN58177 
✅ Archivo CRC copiado y renombrado correctamente dentro de FEIN58191 
✅ Archivo HEV copiado y renombrado correctamente dentro de FEIN58190 
✅ Archivo OPF copiado y renombrado correctamente dentro de FEIN58186 
✅ Archivo HEV copiado y renombrado correctamente dentro de FEIN58192 
✅ Archivo HEV copiado y renombrado correctamente dentro de FEIN58191 
✅ Archivo PDE copiado y renombrado correctamente dentro de FEIN58177 
✅ Archivo OPF copiado y renombrado correctamente dentro de FEIN58191 
✅ Archivo OPF copiado y renombrado correctamente dentro de FEIN58192 
✅ Archivo PDE copiado y renombrado correctamente dentro de FEIN58192 
✅ Archivo PDE copiado y renombrado correctamente dentro de FEIN58190 
✅ Archivo FAC copiado y renombrado correctamente dentro de FEIN58177 
✅ Archivo FAC copiado y renombrado correctamente dentro de FEIN58191 
✅ Archivo FAC copiado y renombrado correctamente dentro de FEIN58186 
✅ Archivo FAC copiado y renombrado correctamente dentro de FEIN58191 
✅ Archivo FAC copiado y renombrado correctamente dentro de FEIN58190 
✅ Archivo FAC copiado y renombrado correctamente dentro de FEIN58192 
✅ Archivo FAC copiado y renombrado correctamente dentro de FEIN58186 
✅ Archivo CRC copiado y renombrado correctamente dentro de FEIN58186 
✅ Archivo CRC copiado y renombrado correctamente dentro de FEIN58191 
✅ Archivo FAC copiado y renombrado correctamente dentro de FEIN58177 
✅ Archivo HEV copiado y renombrado correctamente dentro de FEIN58177 
✅ Archivo CRC copiado y renombrado correctamente dentro de FEIN58190 
✅ Archivo HEV copiado y renombrado correctamente dentro de FEIN58192 
✅ Archivo HEV copiado y renombrado correctamente dentro de FEIN58190 
✅ Archivo HEV copiado y renombrado correctamente dentro de FEIN58191 
✅ Archivo PDE copiado y renombrado correctamente dentro de FEIN58177 
✅ Archivo OPF copiado y renombrado correctamente dentro de FEIN58191 
✅ Archivo OPF copiado y renombrado correctamente dentro de FEIN58192 
✅ Archivo OPF copiado y renombrado correctamente dentro de FEIN58186 
✅ Archivo PDE copiado y renombrado correctamente dentro de FEIN58192 
✅ Archivo PDE copiado y renombrado correctamente dentro de FEIN58190 
✅ Archivo FAC copiado y renombrado correctamente dentro de FEIN58177 
✅ Archivo FAC copiado y renombrado correctamente dentro de FEIN58191 
✅ Archivo FAC copiado y renombrado correctamente dentro de FEIN58190 
✅ Archivo FAC copiado y renombrado correctamente dentro de FEIN58192 
✅ Archivo FAC copiado y renombrado correctamente dentro de FEIN58186 
✅ Archivo CRC copiado y renombrado correctamente dentro de FEIN58191 
✅ Archivo CRC copiado y renombrado correctamente dentro de FEIN58186 
✅ Archivo CRC copiado y renombrado correctamente dentro de FEIN58190 
✅ Archivo HEV copiado y renombrado correctamente dentro de FEIN58190 
✅ Archivo HEV copiado y renombrado correctamente dentro de FEIN58177 
✅ Archivo HEV copiado y renombrado correctamente dentro de FEIN58192 
✅ Archivo HEV copiado y renombrado correctamente dentro de FEIN58191 
✅ Archivo OPF copiado y renombrado correctamente dentro de FEIN58192 
✅ Archivo OPF copiado y renombrado correctamente dentro de FEIN58191 
✅ Archivo OPF copiado y renombrado correctamente dentro de FEIN58186 
✅ Archivo PDE copiado y renombrado correctamente dentro de FEIN58177 
✅ Archivo PDE copiado y renombrado correctamente dentro de FEIN58192 
✅ Archivo PDE copiado y renombrado correctamente dentro de FEIN58190 
